<?xml version="1.0" encoding="UTF-8"?>
<robot generator="Robot 7.3.2 (Python 3.12.3 on linux)" generated="2025-10-22T11:42:59.534479" rpa="false" schemaversion="5">
<suite id="s1" name="PUTRequest" source="/home/nashtech/Documents/RobotFrameworkPractice/APITestCases/PUTRequest.robot">
<test id="s1-t1" name="Put Request" line="10">
<kw name="Create Session" owner="RequestsLibrary">
<msg time="2025-10-22T11:42:59.606605" level="INFO">Creating Session using : alias=mysession, url=https://jsonplaceholder.typicode.com, headers={},                     cookies={}, auth=None, timeout=None, proxies=None, verify=False,                     debug=0 </msg>
<arg>mysession</arg>
<arg>${BASE_URL}</arg>
<doc>Create Session: create a HTTP session to a server</doc>
<status status="PASS" start="2025-10-22T11:42:59.606415" elapsed="0.000380"/>
</kw>
<kw name="Create Dictionary" owner="BuiltIn">
<msg time="2025-10-22T11:42:59.607347" level="INFO">${body} = {'id': '1', 'title': 'Updated Title', 'body': 'Updated Body.'}</msg>
<var>${body}</var>
<arg>id=${post_id}</arg>
<arg>title=Updated Title</arg>
<arg>body=Updated Body.</arg>
<doc>Creates and returns a dictionary based on the given ``items``.</doc>
<status status="PASS" start="2025-10-22T11:42:59.606994" elapsed="0.000383"/>
</kw>
<kw name="PUT On Session" owner="RequestsLibrary">
<msg time="2025-10-22T11:43:01.287337" level="INFO">PUT Request : url=https://jsonplaceholder.typicode.com/posts/1 
 path_url=/posts/1 
 headers={'User-Agent': 'python-requests/2.32.5', 'Accept-Encoding': 'gzip, deflate', 'Accept': '*/*', 'Connection': 'keep-alive', 'Content-Length': '62', 'Content-Type': 'application/json'} 
 body=b'{"id": "1", "title": "Updated Title", "body": "Updated Body."}' 
 </msg>
<msg time="2025-10-22T11:43:01.287917" level="INFO">PUT Response : url=https://jsonplaceholder.typicode.com/posts/1 
 status=200, reason=OK 
 headers={'Date': 'Wed, 22 Oct 2025 06:13:01 GMT', 'Content-Type': 'application/json; charset=utf-8', 'Transfer-Encoding': 'chunked', 'Connection': 'keep-alive', 'access-control-allow-credentials': 'true', 'Cache-Control': 'no-cache', 'etag': 'W/"44-wddmrutFHg8kZFUZ6raBMebWPwk"', 'expires': '-1', 'nel': '{"report_to":"heroku-nel","response_headers":["Via"],"max_age":3600,"success_fraction":0.01,"failure_fraction":0.1}', 'pragma': 'no-cache', 'report-to': '{"group":"heroku-nel","endpoints":[{"url":"https://nel.heroku.com/reports?s=N%2BT0iDEDeq3jdCNBapRoCeNvW9ZF8sCISHB1mwBezJY%3D\\u0026sid=e11707d5-02a7-43ef-b45e-2cf4d2036f7d\\u0026ts=1761113580"}],"max_age":3600}', 'reporting-endpoints': 'heroku-nel="https://nel.heroku.com/reports?s=N%2BT0iDEDeq3jdCNBapRoCeNvW9ZF8sCISHB1mwBezJY%3D&amp;sid=e11707d5-02a7-43ef-b45e-2cf4d2036f7d&amp;ts=1761113580"', 'Server': 'cloudflare', 'vary': 'Origin, Accept-Encoding', 'via': '2.0 heroku-router', 'x-content-type-options': 'nosniff', 'x-powered-by': 'Express', 'x-ratelimit-limit': '1000', 'x-ratelimit-remaining': '999', 'x-ratelimit-reset': '1761113636', 'cf-cache-status': 'DYNAMIC', 'Content-Encoding': 'gzip', 'CF-RAY': '9926d8a5792d44ab-SIN', 'alt-svc': 'h3=":443"; ma=86400'} 
 body={
  "id": 1,
  "title": "Updated Title",
  "body": "Updated Body."
} 
 </msg>
<msg time="2025-10-22T11:43:01.288282" level="INFO">/home/nashtech/.local/share/pipx/venvs/robotframework/lib/python3.12/site-packages/urllib3/connectionpool.py:1097: InsecureRequestWarning: Unverified HTTPS request is being made to host 'jsonplaceholder.typicode.com'. Adding certificate verification is strongly advised. See: https://urllib3.readthedocs.io/en/latest/advanced-usage.html#tls-warnings
  warnings.warn(</msg>
<msg time="2025-10-22T11:43:01.288771" level="INFO">${response} = &lt;Response [200]&gt;</msg>
<var>${response}</var>
<arg>mysession</arg>
<arg>/posts/${post_id}</arg>
<arg>json=${body}</arg>
<doc>Sends a PUT request on a previously created HTTP Session.</doc>
<status status="PASS" start="2025-10-22T11:42:59.607509" elapsed="1.681424"/>
</kw>
<kw name="Should Be Equal As Integers" owner="BuiltIn">
<msg time="2025-10-22T11:43:01.291697" level="INFO">Argument types are:
&lt;class 'int'&gt;
&lt;class 'str'&gt;</msg>
<arg>${response.status_code}</arg>
<arg>200</arg>
<doc>Fails if objects are unequal after converting them to integers.</doc>
<status status="PASS" start="2025-10-22T11:43:01.289668" elapsed="0.002352"/>
</kw>
<kw name="Set Variable" owner="BuiltIn">
<msg time="2025-10-22T11:43:01.294396" level="INFO">${response_body} = {
  "id": 1,
  "title": "Updated Title",
  "body": "Updated Body."
}</msg>
<var>${response_body}</var>
<arg>${response.text}</arg>
<doc>Returns the given values which can then be assigned to a variables.</doc>
<status status="PASS" start="2025-10-22T11:43:01.292578" elapsed="0.001940"/>
</kw>
<kw name="Should Contain" owner="BuiltIn">
<arg>${response_body}</arg>
<arg>Updated Title</arg>
<doc>Fails if ``container`` does not contain ``item`` one or more times.</doc>
<status status="PASS" start="2025-10-22T11:43:01.295112" elapsed="0.000716"/>
</kw>
<kw name="Should Contain" owner="BuiltIn">
<arg>${response_body}</arg>
<arg>Updated Body.</arg>
<doc>Fails if ``container`` does not contain ``item`` one or more times.</doc>
<status status="PASS" start="2025-10-22T11:43:01.296458" elapsed="0.001432"/>
</kw>
<status status="PASS" start="2025-10-22T11:42:59.605683" elapsed="1.692813"/>
</test>
<status status="PASS" start="2025-10-22T11:42:59.535418" elapsed="1.764793"/>
</suite>
<statistics>
<total>
<stat pass="1" fail="0" skip="0">All Tests</stat>
</total>
<tag>
</tag>
<suite>
<stat name="PUTRequest" id="s1" pass="1" fail="0" skip="0">PUTRequest</stat>
</suite>
</statistics>
<errors>
</errors>
</robot>
